INFO: [VRFC 10-2263] Analyzing Verilog file "D:/vivado/MultiPeriodCPU_basys/MultiPeriodCPU.srcs/sources_1/new/LED.v" into library xil_defaultlib
INFO: [VRFC 10-311] analyzing module LED
INFO: [VRFC 10-2263] Analyzing Verilog file "D:/vivado/MultiPeriodCPU_basys/MultiPeriodCPU.srcs/sources_1/new/clk_div.v" into library xil_defaultlib
INFO: [VRFC 10-311] analyzing module clk_div
INFO: [VRFC 10-2263] Analyzing Verilog file "D:/vivado/MultiPeriodCPU_basys/MultiPeriodCPU.srcs/sources_1/new/DataLate.v" into library xil_defaultlib
INFO: [VRFC 10-311] analyzing module DataLate
INFO: [VRFC 10-2263] Analyzing Verilog file "D:/vivado/MultiPeriodCPU_basys/MultiPeriodCPU.srcs/sources_1/new/PC.v" into library xil_defaultlib
INFO: [VRFC 10-311] analyzing module PC
INFO: [VRFC 10-311] analyzing module PCAddr
INFO: [VRFC 10-2263] Analyzing Verilog file "D:/vivado/MultiPeriodCPU_basys/MultiPeriodCPU.srcs/sources_1/new/RegFile.v" into library xil_defaultlib
INFO: [VRFC 10-311] analyzing module RegFile
INFO: [VRFC 10-2263] Analyzing Verilog file "D:/vivado/MultiPeriodCPU_basys/MultiPeriodCPU.srcs/sources_1/new/InsMemory.v" into library xil_defaultlib
INFO: [VRFC 10-311] analyzing module InsMemory
INFO: [VRFC 10-2263] Analyzing Verilog file "D:/vivado/MultiPeriodCPU_basys/MultiPeriodCPU.srcs/sources_1/new/Extend.v" into library xil_defaultlib
INFO: [VRFC 10-311] analyzing module Extend
WARNING: [VRFC 10-526] concatenation with unsized literal; will interpret as 32 bits [D:/vivado/MultiPeriodCPU_basys/MultiPeriodCPU.srcs/sources_1/new/Extend.v:29]
WARNING: [VRFC 10-526] concatenation with unsized literal; will interpret as 32 bits [D:/vivado/MultiPeriodCPU_basys/MultiPeriodCPU.srcs/sources_1/new/Extend.v:30]
INFO: [VRFC 10-2263] Analyzing Verilog file "D:/vivado/MultiPeriodCPU_basys/MultiPeriodCPU.srcs/sources_1/new/DataSelect.v" into library xil_defaultlib
INFO: [VRFC 10-311] analyzing module DataSelect_2
INFO: [VRFC 10-2263] Analyzing Verilog file "D:/vivado/MultiPeriodCPU_basys/MultiPeriodCPU.srcs/sources_1/new/DataMemory.v" into library xil_defaultlib
INFO: [VRFC 10-311] analyzing module DataMemory
INFO: [VRFC 10-2263] Analyzing Verilog file "D:/vivado/MultiPeriodCPU_basys/MultiPeriodCPU.srcs/sources_1/new/controlUnit.v" into library xil_defaultlib
INFO: [VRFC 10-311] analyzing module controlUnit
INFO: [VRFC 10-2263] Analyzing Verilog file "D:/vivado/MultiPeriodCPU_basys/MultiPeriodCPU.srcs/sources_1/new/ALU.v" into library xil_defaultlib
INFO: [VRFC 10-311] analyzing module ALU
INFO: [VRFC 10-2263] Analyzing Verilog file "D:/vivado/MultiPeriodCPU_basys/MultiPeriodCPU.srcs/sources_1/new/main.v" into library xil_defaultlib
INFO: [VRFC 10-311] analyzing module main
INFO: [VRFC 10-2458] undeclared symbol clk190, assumed default net type wire [D:/vivado/MultiPeriodCPU_basys/MultiPeriodCPU.srcs/sources_1/new/main.v:47]
INFO: [VRFC 10-2263] Analyzing Verilog file "D:/vivado/MultiPeriodCPU_basys/MultiPeriodCPU.srcs/sim_1/new/test.v" into library xil_defaultlib
INFO: [VRFC 10-311] analyzing module test
INFO: [VRFC 10-2263] Analyzing Verilog file "D:/vivado/MultiPeriodCPU_basys/MultiPeriodCPU.sim/sim_1/behav/glbl.v" into library xil_defaultlib
INFO: [VRFC 10-311] analyzing module glbl
