#-----------------------------------------------------------
# Vivado v2015.3 (64-bit)
# SW Build 1368829 on Mon Sep 28 20:06:43 MDT 2015
# IP Build 1367837 on Mon Sep 28 08:56:14 MDT 2015
# Start of session at: Sat Jun 16 17:27:39 2018
# Process ID: 18700
# Current directory: D:/vivado/MultiPeriodCPU_basys
# Command line: vivado.exe -gui_launcher_event rodinguilauncherevent12204 D:\vivado\MultiPeriodCPU_basys\MultiPeriodCPU.xpr
# Log file: D:/vivado/MultiPeriodCPU_basys/vivado.log
# Journal file: D:/vivado/MultiPeriodCPU_basys\vivado.jou
#-----------------------------------------------------------
start_gui
open_project D:/vivado/MultiPeriodCPU_basys/MultiPeriodCPU.xpr
INFO: [Project 1-313] Project file moved from 'D:/vivado/MultiPeriodCPU' since last save.
Scanning sources...
Finished scanning sources
INFO: [IP_Flow 19-234] Refreshing IP repositories
INFO: [IP_Flow 19-1704] No user IP repositories specified
INFO: [IP_Flow 19-2313] Loaded Vivado IP repository 'D:/vivado/Vivado/2015.3/data/ip'.
open_project: Time (s): cpu = 00:00:17 ; elapsed = 00:01:02 . Memory (MB): peak = 715.961 ; gain = 118.527
exit
INFO: [Common 17-206] Exiting Vivado at Sat Jun 16 17:34:34 2018...
: cpu = 00:00:15 ; elapsed = 00:01:02 . Memory (MB): peak = 710.641 ; gain = 90.191
exit
INFO: [Common 17-206] Exiting Vivado at Sat Jun 16 17:34:11 2018...
